<?xml version="1.0" encoding="UTF-8"?>
<!-- Generated by org.testng.reporters.JUnitXMLReporter -->
<testsuite hostname="DESKTOP-185HNI4" ignored="0" name="IETest" tests="1" failures="0" timestamp="14 Mar 2017 02:10:31 GMT" time="0.043" errors="0">
  <testcase name="@BeforeClass browserCofig" time="0.027" classname="TestCases.BaseTest">
    <failure type="java.lang.IllegalStateException" message="The path to the driver executable must be set by the webdriver.gecko.driver system property; for more information, see https://github.com/mozilla/geckodriver. The latest version can be downloaded from https://github.com/mozilla/geckodriver/releases">
      <![CDATA[java.lang.IllegalStateException: The path to the driver executable must be set by the webdriver.gecko.driver system property; for more information, see https://github.com/mozilla/geckodriver. The latest version can be downloaded from https://github.com/mozilla/geckodriver/releases
	at com.google.common.base.Preconditions.checkState(Preconditions.java:738)
	at org.openqa.selenium.remote.service.DriverService.findExecutable(DriverService.java:111)
	at org.openqa.selenium.firefox.GeckoDriverService.access$100(GeckoDriverService.java:38)
	at org.openqa.selenium.firefox.GeckoDriverService$Builder.findDefaultExecutable(GeckoDriverService.java:112)
	at org.openqa.selenium.remote.service.DriverService$Builder.build(DriverService.java:302)
	at org.openqa.selenium.firefox.FirefoxDriver.createCommandExecutor(FirefoxDriver.java:312)
	at org.openqa.selenium.firefox.FirefoxDriver.<init>(FirefoxDriver.java:272)
	at org.openqa.selenium.firefox.FirefoxDriver.<init>(FirefoxDriver.java:267)
	at org.openqa.selenium.firefox.FirefoxDriver.<init>(FirefoxDriver.java:263)
	at org.openqa.selenium.firefox.FirefoxDriver.<init>(FirefoxDriver.java:122)
	at TestCases.BaseTest.browserCofig(BaseTest.java:28)
... Removed 25 stack frames]]>
    </failure>
  </testcase> <!-- @BeforeClass browserCofig -->
  <testcase name="@BeforeMethod navigateBrowser" time="0.0" classname="TestCases.BaseTest">
    <skipped/>
  </testcase> <!-- @BeforeMethod navigateBrowser -->
  <testcase name="@AfterClass browserClose" time="0.0" classname="TestCases.BaseTest">
    <skipped/>
  </testcase> <!-- @AfterClass browserClose -->
  <testcase name="gmailRegistrationForm" time="0.0" classname="TestCases.GmailRegistrationForm">
    <skipped/>
  </testcase> <!-- gmailRegistrationForm -->
</testsuite> <!-- IETest -->
